<?xml version="1.0" encoding="UTF-8"?>
<!-- Generated by org.testng.reporters.JUnitReportReporter -->
<testsuite hostname="LAPTOP-TU9KCJFH" failures="0" tests="1" name="healthcare.HMS.admin.Verifyreport" time="18.393" errors="0" timestamp="2024-05-31T14:48:20 IST" skipped="0">
  <testcase classname="healthcare.HMS.admin.Verifyreport" name="verifyreportinbetweendate" time="18.393"/>
  <system-out/>
</testsuite> <!-- healthcare.HMS.admin.Verifyreport -->
