<?xml version="1.0" encoding="UTF-8"?>
<!-- Generated by org.testng.reporters.JUnitReportReporter -->
<testsuite hostname="LAPTOP-TU9KCJFH" failures="0" tests="6" name="healthcare.HMS.admin.Doctorcancelappoitnment" time="88.818" errors="0" timestamp="2024-05-31T12:24:07 IST" skipped="0">
  <testcase classname="healthcare.HMS.admin.Doctorcancelappoitnment" name="checkappdoctorspcila" time="15.890"/>
  <system-out/>
  <testcase classname="healthcare.HMS.admin.Doctorcancelappoitnment" name="loginasadminandcheckdoctorloginlogoutdetails" time="3.221"/>
  <system-out/>
  <testcase classname="healthcare.HMS.admin.Doctorcancelappoitnment" name="logintodoctordeleteprofile" time="16.541"/>
  <system-out/>
  <testcase classname="healthcare.HMS.admin.Doctorcancelappoitnment" name="Deleteuserpatientrecord" time="20.787"/>
  <system-out/>
  <testcase classname="healthcare.HMS.admin.Doctorcancelappoitnment" name="loginasadminteam" time="4.978"/>
  <system-out/>
  <testcase classname="healthcare.HMS.admin.Doctorcancelappoitnment" name="doctorcancelappoitnmentforpatient" time="27.401"/>
  <system-out/>
</testsuite> <!-- healthcare.HMS.admin.Doctorcancelappoitnment -->
