<?xml version="1.0" encoding="UTF-8"?>
<!-- Generated by org.testng.reporters.JUnitReportReporter -->
<testsuite hostname="LAPTOP-TU9KCJFH" failures="0" tests="1" name="healthcare.HMS.admin.Checkdoctorloginlogoutdetails" time="18.051" errors="0" timestamp="2024-05-29T17:41:43 IST" skipped="0">
  <testcase classname="healthcare.HMS.admin.Checkdoctorloginlogoutdetails" name="checkdoctorloginlogout" time="18.051"/>
  <system-out/>
</testsuite> <!-- healthcare.HMS.admin.Checkdoctorloginlogoutdetails -->
